2024-02-16 18:42:25,647 [INFO] software started. version: 20230418. gui: False.
2024-02-16 18:42:25,647 [INFO] platform: Windows-10-10.0.22621-SP0
2024-02-16 18:42:25,647 [INFO] python version: 3.9.0
2024-02-16 18:42:25,663 [INFO] reading configs
2024-02-16 18:42:25,663 [INFO] config debug = true
2024-02-16 18:42:25,663 [INFO] config check_period = 25
2024-02-16 18:42:25,663 [INFO] config check_period_random_offset = 5
2024-02-16 18:42:25,663 [INFO] config important_check_period = 5
2024-02-16 18:42:25,663 [INFO] config important_check_period_random_offset = 3
2024-02-16 18:42:25,663 [INFO] config check_threads = 1
2024-02-16 18:42:25,663 [INFO] config check_wait = 0.5
2024-02-16 18:42:25,663 [INFO] config ffmpeg_path = 
2024-02-16 18:42:25,663 [INFO] config auto_transcode = false
2024-02-16 18:42:25,663 [INFO] config auto_transcode_encoder = copy
2024-02-16 18:42:25,663 [INFO] config auto_transcode_bps = 3000k
2024-02-16 18:42:25,663 [INFO] config auto_transcode_delete_origin = false
2024-02-16 18:42:25,663 [INFO] loaded room: yoyo(803144265780) auto_record=True record_danmu=True important=False
2024-02-16 18:42:25,663 [INFO] loaded room: 懒咩咩耶(530978326444) auto_record=True record_danmu=True important=False
2024-02-16 18:42:25,663 [INFO] loaded room: BB88(971779132512) auto_record=True record_danmu=True important=False
2024-02-16 18:42:25,663 [INFO] loaded room: 小鱼_(883714673910) auto_record=True record_danmu=True important=False
2024-02-16 18:42:25,663 [INFO] loaded room: 1(514) auto_record=True record_danmu=True important=False
2024-02-16 18:42:25,663 [INFO] loaded room: 1(514) auto_record=True record_danmu=True important=False
2024-02-16 18:42:25,663 [INFO] loaded room: 1(514) auto_record=True record_danmu=True important=False
2024-02-16 18:42:25,663 [INFO] loaded room: 1(514) auto_record=True record_danmu=True important=False
2024-02-16 18:42:25,663 [INFO] loaded room: 1(514) auto_record=True record_danmu=True important=False
2024-02-16 18:42:25,664 [INFO] loaded room: 主播名2(851917085931) auto_record=True record_danmu=True important=False
2024-02-16 18:42:25,664 [INFO] 获取cookie中...
2024-02-16 18:42:26,656 [INFO] cookie获取完成
2024-02-16 18:42:27,212 [INFO] 检测到 yoyo(803144265780) 开始直播，启动录制。
2024-02-16 18:42:27,212 [INFO] 开始录制 yoyo(803144265780) 的弹幕
2024-02-16 18:42:27,710 [INFO] 检测到 懒咩咩耶(530978326444) 开始直播，启动录制。
2024-02-16 18:42:27,711 [INFO] 开始录制 懒咩咩耶(530978326444) 的弹幕
2024-02-16 18:42:28,075 [WARNING] cannot find RENDER_DATA when loading 803144265780
2024-02-16 18:42:28,075 [DEBUG] 检测开播时返回系统繁忙
2024-02-16 18:42:28,335 [INFO] 检测到 BB88(971779132512) 开始直播，启动录制。
2024-02-16 18:42:28,336 [INFO] 开始录制 BB88(971779132512) 的弹幕
2024-02-16 18:42:28,430 [WARNING] cannot find RENDER_DATA when loading 530978326444
2024-02-16 18:42:28,430 [DEBUG] 检测开播时返回系统繁忙
2024-02-16 18:42:28,693 [INFO] 检测到 小鱼_(883714673910) 开始直播，启动录制。
2024-02-16 18:42:28,694 [INFO] 开始录制 小鱼_(883714673910) 的弹幕
2024-02-16 18:42:28,752 [WARNING] cannot find RENDER_DATA when loading 803144265780
2024-02-16 18:42:28,752 [DEBUG] 检测开播时返回系统繁忙
2024-02-16 18:42:28,991 [WARNING] cannot find RENDER_DATA when loading 530978326444
2024-02-16 18:42:28,991 [DEBUG] 检测开播时返回系统繁忙
2024-02-16 18:42:29,113 [DEBUG] failed to load json when finding stream url of 514, using api 1, response: {"data":{"data":[],"enter_room_id":"","user":{"id_str":"80736311015","sec_uid":"MS4wLjABAAAAG74TEGGktInfhhLV02RHcVBAYVfkVQKr13znExfQQvM","nickname":"相臣793","avatar_thumb":{"url_list":["https://p26.douyinpic.com/aweme/100x100/aweme-avatar/37e7fa3f9e7341e2822917289acb6dcd.jpeg?from=3067671334","https://p11.douyinpic.com/aweme/100x100/aweme-avatar/37e7fa3f9e7341e2822917289acb6dcd.jpeg?from=3067671334","https://p3.douyinpic.com/aweme/100x100/aweme-avatar/37e7fa3f9e7341e2822917289acb6dcd.jpeg?from=3067671334"]},"follow_info":{"follow_status":0,"follow_status_str":"0"}},"qrcode_url":"","enter_mode":0,"room_status":2,"similar_rooms":[],"shark_decision_conf":""},"extra":{"now":1708080149217},"status_code":0}
2024-02-16 18:42:29,113 [DEBUG] 检测开播时返回系统繁忙
2024-02-16 18:42:29,113 [DEBUG] 检测开播时返回系统繁忙
2024-02-16 18:42:29,276 [WARNING] cannot find RENDER_DATA when loading 971779132512
2024-02-16 18:42:29,276 [DEBUG] 检测开播时返回系统繁忙
2024-02-16 18:42:29,277 [CRITICAL] 多次重试无法访问资源，可能是cookie失效
2024-02-16 18:42:29,277 [INFO] 获取cookie中...
2024-02-16 18:42:29,423 [WARNING] cannot find RENDER_DATA when loading 883714673910
2024-02-16 18:42:29,423 [DEBUG] 检测开播时返回系统繁忙
2024-02-16 18:42:29,449 [WARNING] cannot find RENDER_DATA when loading 803144265780
2024-02-16 18:42:29,449 [DEBUG] 检测开播时返回系统繁忙
2024-02-16 18:42:29,627 [WARNING] cannot find RENDER_DATA when loading 530978326444
2024-02-16 18:42:29,627 [DEBUG] 检测开播时返回系统繁忙
2024-02-16 18:42:29,855 [DEBUG] failed to load json when finding stream url of 514, using api 1, response: {"data":{"data":[],"enter_room_id":"","user":{"id_str":"80736311015","sec_uid":"MS4wLjABAAAAG74TEGGktInfhhLV02RHcVBAYVfkVQKr13znExfQQvM","nickname":"相臣793","avatar_thumb":{"url_list":["https://p6.douyinpic.com/aweme/100x100/aweme-avatar/37e7fa3f9e7341e2822917289acb6dcd.jpeg?from=3067671334","https://p26.douyinpic.com/aweme/100x100/aweme-avatar/37e7fa3f9e7341e2822917289acb6dcd.jpeg?from=3067671334","https://p3.douyinpic.com/aweme/100x100/aweme-avatar/37e7fa3f9e7341e2822917289acb6dcd.jpeg?from=3067671334"]},"follow_info":{"follow_status":0,"follow_status_str":"0"}},"qrcode_url":"","enter_mode":0,"room_status":2,"similar_rooms":[],"shark_decision_conf":""},"extra":{"now":1708080149972},"status_code":0}
2024-02-16 18:42:29,855 [DEBUG] 检测开播时返回系统繁忙
2024-02-16 18:42:29,856 [DEBUG] 检测开播时返回系统繁忙
2024-02-16 18:42:29,951 [WARNING] cannot find RENDER_DATA when loading 883714673910
2024-02-16 18:42:29,951 [DEBUG] 检测开播时返回系统繁忙
2024-02-16 18:42:30,014 [WARNING] cannot find RENDER_DATA when loading 803144265780
2024-02-16 18:42:30,014 [DEBUG] 检测开播时返回系统繁忙
2024-02-16 18:42:30,177 [WARNING] cannot find RENDER_DATA when loading 530978326444
2024-02-16 18:42:30,177 [DEBUG] 检测开播时返回系统繁忙
2024-02-16 18:42:30,181 [DEBUG] failed to load json when finding stream url of 514, using api 1, response: {"data":{"data":[],"enter_room_id":"","user":{"id_str":"80736311015","sec_uid":"MS4wLjABAAAAG74TEGGktInfhhLV02RHcVBAYVfkVQKr13znExfQQvM","nickname":"相臣793","avatar_thumb":{"url_list":["https://p11.douyinpic.com/aweme/100x100/aweme-avatar/37e7fa3f9e7341e2822917289acb6dcd.jpeg?from=3067671334","https://p26.douyinpic.com/aweme/100x100/aweme-avatar/37e7fa3f9e7341e2822917289acb6dcd.jpeg?from=3067671334","https://p6.douyinpic.com/aweme/100x100/aweme-avatar/37e7fa3f9e7341e2822917289acb6dcd.jpeg?from=3067671334"]},"follow_info":{"follow_status":0,"follow_status_str":"0"}},"qrcode_url":"","enter_mode":0,"room_status":2,"similar_rooms":[],"shark_decision_conf":""},"extra":{"now":1708080150276},"status_code":0}
2024-02-16 18:42:30,181 [DEBUG] 检测开播时返回系统繁忙
2024-02-16 18:42:30,182 [DEBUG] 检测开播时返回系统繁忙
2024-02-16 18:42:30,513 [INFO] cookie获取完成
2024-02-16 18:42:30,621 [DEBUG] failed to load json when finding stream url of 514, using api 1, response: {"data":{"data":[],"enter_room_id":"","user":{"id_str":"80736311015","sec_uid":"MS4wLjABAAAAG74TEGGktInfhhLV02RHcVBAYVfkVQKr13znExfQQvM","nickname":"相臣793","avatar_thumb":{"url_list":["https://p3.douyinpic.com/aweme/100x100/aweme-avatar/37e7fa3f9e7341e2822917289acb6dcd.jpeg?from=3067671334","https://p11.douyinpic.com/aweme/100x100/aweme-avatar/37e7fa3f9e7341e2822917289acb6dcd.jpeg?from=3067671334","https://p26.douyinpic.com/aweme/100x100/aweme-avatar/37e7fa3f9e7341e2822917289acb6dcd.jpeg?from=3067671334"]},"follow_info":{"follow_status":0,"follow_status_str":"0"}},"qrcode_url":"","enter_mode":0,"room_status":2,"similar_rooms":[],"shark_decision_conf":""},"extra":{"now":1708080150737},"status_code":0}
2024-02-16 18:42:30,621 [DEBUG] 检测开播时返回系统繁忙
2024-02-16 18:42:30,622 [DEBUG] 检测开播时返回系统繁忙
2024-02-16 18:42:30,755 [WARNING] cannot find RENDER_DATA when loading 883714673910
2024-02-16 18:42:30,755 [DEBUG] 检测开播时返回系统繁忙
2024-02-16 18:42:30,780 [WARNING] cannot find RENDER_DATA when loading 530978326444
2024-02-16 18:42:30,780 [DEBUG] 检测开播时返回系统繁忙
2024-02-16 18:42:31,092 [WARNING] cannot find RENDER_DATA when loading 971779132512
2024-02-16 18:42:31,092 [DEBUG] 检测开播时返回系统繁忙
2024-02-16 18:42:31,092 [CRITICAL] 多次重试无法访问资源，可能是cookie失效
2024-02-16 18:42:31,092 [INFO] 获取cookie中...
2024-02-16 18:42:31,237 [DEBUG] failed to load json when finding stream url of 514, using api 1, response: {"data":{"data":[],"enter_room_id":"","user":{"id_str":"80736311015","sec_uid":"MS4wLjABAAAAG74TEGGktInfhhLV02RHcVBAYVfkVQKr13znExfQQvM","nickname":"相臣793","avatar_thumb":{"url_list":["https://p11.douyinpic.com/aweme/100x100/aweme-avatar/37e7fa3f9e7341e2822917289acb6dcd.jpeg?from=3067671334","https://p26.douyinpic.com/aweme/100x100/aweme-avatar/37e7fa3f9e7341e2822917289acb6dcd.jpeg?from=3067671334","https://p3.douyinpic.com/aweme/100x100/aweme-avatar/37e7fa3f9e7341e2822917289acb6dcd.jpeg?from=3067671334"]},"follow_info":{"follow_status":0,"follow_status_str":"0"}},"qrcode_url":"","enter_mode":0,"room_status":2,"similar_rooms":[],"shark_decision_conf":""},"extra":{"now":1708080151351},"status_code":0}
2024-02-16 18:42:31,237 [DEBUG] 检测开播时返回系统繁忙
2024-02-16 18:42:31,239 [DEBUG] 检测开播时返回系统繁忙
2024-02-16 18:42:31,283 [WARNING] cannot find RENDER_DATA when loading 883714673910
2024-02-16 18:42:31,283 [DEBUG] 检测开播时返回系统繁忙
2024-02-16 18:42:31,871 [WARNING] cannot find RENDER_DATA when loading 803144265780
2024-02-16 18:42:31,871 [DEBUG] 检测开播时返回系统繁忙
2024-02-16 18:42:32,153 [INFO] cookie获取完成
2024-02-16 18:42:32,787 [WARNING] cannot find RENDER_DATA when loading 971779132512
2024-02-16 18:42:32,787 [DEBUG] 检测开播时返回系统繁忙
2024-02-16 18:42:33,137 [WARNING] cannot find RENDER_DATA when loading 883714673910
2024-02-16 18:42:33,137 [DEBUG] 检测开播时返回系统繁忙
2024-02-16 18:42:33,345 [WARNING] cannot find RENDER_DATA when loading 971779132512
2024-02-16 18:42:33,345 [DEBUG] 检测开播时返回系统繁忙
2024-02-16 18:42:33,919 [WARNING] cannot find RENDER_DATA when loading 971779132512
2024-02-16 18:42:33,919 [DEBUG] 检测开播时返回系统繁忙
2024-02-16 18:43:00,368 [DEBUG] failed to load json when finding stream url of 514, using api 1, response: {"data":{"data":[],"enter_room_id":"","user":{"id_str":"80736311015","sec_uid":"MS4wLjABAAAAG74TEGGktInfhhLV02RHcVBAYVfkVQKr13znExfQQvM","nickname":"相臣793","avatar_thumb":{"url_list":["https://p26.douyinpic.com/aweme/100x100/aweme-avatar/37e7fa3f9e7341e2822917289acb6dcd.jpeg?from=3067671334","https://p11.douyinpic.com/aweme/100x100/aweme-avatar/37e7fa3f9e7341e2822917289acb6dcd.jpeg?from=3067671334","https://p3.douyinpic.com/aweme/100x100/aweme-avatar/37e7fa3f9e7341e2822917289acb6dcd.jpeg?from=3067671334"]},"follow_info":{"follow_status":0,"follow_status_str":"0"}},"qrcode_url":"","enter_mode":0,"room_status":2,"similar_rooms":[],"shark_decision_conf":""},"extra":{"now":1708080180477},"status_code":0}
2024-02-16 18:43:00,368 [DEBUG] 检测开播时返回系统繁忙
2024-02-16 18:43:00,368 [CRITICAL] 多次重试无法访问资源，可能是cookie失效
2024-02-16 18:43:00,368 [INFO] 获取cookie中...
2024-02-16 18:43:01,378 [INFO] cookie获取完成
2024-02-16 18:43:01,380 [DEBUG] 检测开播时返回系统繁忙
2024-02-16 18:43:01,772 [DEBUG] failed to load json when finding stream url of 514, using api 1, response: {"data":{"data":[],"enter_room_id":"","user":{"id_str":"80736311015","sec_uid":"MS4wLjABAAAAG74TEGGktInfhhLV02RHcVBAYVfkVQKr13znExfQQvM","nickname":"相臣793","avatar_thumb":{"url_list":["https://p11.douyinpic.com/aweme/100x100/aweme-avatar/37e7fa3f9e7341e2822917289acb6dcd.jpeg?from=3067671334","https://p3.douyinpic.com/aweme/100x100/aweme-avatar/37e7fa3f9e7341e2822917289acb6dcd.jpeg?from=3067671334","https://p26.douyinpic.com/aweme/100x100/aweme-avatar/37e7fa3f9e7341e2822917289acb6dcd.jpeg?from=3067671334"]},"follow_info":{"follow_status":0,"follow_status_str":"0"}},"qrcode_url":"","enter_mode":0,"room_status":2,"similar_rooms":[],"shark_decision_conf":""},"extra":{"now":1708080181831},"status_code":0}
2024-02-16 18:43:01,772 [DEBUG] 检测开播时返回系统繁忙
2024-02-16 18:43:01,772 [DEBUG] 检测开播时返回系统繁忙
2024-02-16 18:43:02,433 [DEBUG] failed to load json when finding stream url of 514, using api 1, response: {"data":{"data":[],"enter_room_id":"","user":{"id_str":"80736311015","sec_uid":"MS4wLjABAAAAG74TEGGktInfhhLV02RHcVBAYVfkVQKr13znExfQQvM","nickname":"相臣793","avatar_thumb":{"url_list":["https://p3.douyinpic.com/aweme/100x100/aweme-avatar/37e7fa3f9e7341e2822917289acb6dcd.jpeg?from=3067671334","https://p26.douyinpic.com/aweme/100x100/aweme-avatar/37e7fa3f9e7341e2822917289acb6dcd.jpeg?from=3067671334","https://p6.douyinpic.com/aweme/100x100/aweme-avatar/37e7fa3f9e7341e2822917289acb6dcd.jpeg?from=3067671334"]},"follow_info":{"follow_status":0,"follow_status_str":"0"}},"qrcode_url":"","enter_mode":0,"room_status":2,"similar_rooms":[],"shark_decision_conf":""},"extra":{"now":1708080182544},"status_code":0}
2024-02-16 18:43:02,433 [DEBUG] 检测开播时返回系统繁忙
2024-02-16 18:43:02,433 [DEBUG] 检测开播时返回系统繁忙
2024-02-16 18:43:02,433 [CRITICAL] 多次重试无法访问资源，可能是cookie失效
2024-02-16 18:43:02,433 [INFO] 获取cookie中...
2024-02-16 18:43:03,530 [INFO] cookie获取完成
2024-02-16 18:43:03,794 [DEBUG] failed to load json when finding stream url of 514, using api 1, response: {"data":{"data":[],"enter_room_id":"","user":{"id_str":"80736311015","sec_uid":"MS4wLjABAAAAG74TEGGktInfhhLV02RHcVBAYVfkVQKr13znExfQQvM","nickname":"相臣793","avatar_thumb":{"url_list":["https://p11.douyinpic.com/aweme/100x100/aweme-avatar/37e7fa3f9e7341e2822917289acb6dcd.jpeg?from=3067671334","https://p6.douyinpic.com/aweme/100x100/aweme-avatar/37e7fa3f9e7341e2822917289acb6dcd.jpeg?from=3067671334","https://p3.douyinpic.com/aweme/100x100/aweme-avatar/37e7fa3f9e7341e2822917289acb6dcd.jpeg?from=3067671334"]},"follow_info":{"follow_status":0,"follow_status_str":"0"}},"qrcode_url":"","enter_mode":0,"room_status":2,"similar_rooms":[],"shark_decision_conf":""},"extra":{"now":1708080183908},"status_code":0}
2024-02-16 18:43:03,794 [DEBUG] 检测开播时返回系统繁忙
2024-02-16 18:43:03,795 [DEBUG] 检测开播时返回系统繁忙
2024-02-16 18:43:04,322 [DEBUG] failed to load json when finding stream url of 514, using api 1, response: {"data":{"data":[],"enter_room_id":"","user":{"id_str":"80736311015","sec_uid":"MS4wLjABAAAAG74TEGGktInfhhLV02RHcVBAYVfkVQKr13znExfQQvM","nickname":"相臣793","avatar_thumb":{"url_list":["https://p6.douyinpic.com/aweme/100x100/aweme-avatar/37e7fa3f9e7341e2822917289acb6dcd.jpeg?from=3067671334","https://p3.douyinpic.com/aweme/100x100/aweme-avatar/37e7fa3f9e7341e2822917289acb6dcd.jpeg?from=3067671334","https://p11.douyinpic.com/aweme/100x100/aweme-avatar/37e7fa3f9e7341e2822917289acb6dcd.jpeg?from=3067671334"]},"follow_info":{"follow_status":0,"follow_status_str":"0"}},"qrcode_url":"","enter_mode":0,"room_status":2,"similar_rooms":[],"shark_decision_conf":""},"extra":{"now":1708080184436},"status_code":0}
2024-02-16 18:43:04,322 [DEBUG] 检测开播时返回系统繁忙
2024-02-16 18:43:04,323 [DEBUG] 检测开播时返回系统繁忙
2024-02-16 18:43:30,672 [DEBUG] failed to load json when finding stream url of 514, using api 1, response: {"data":{"data":[],"enter_room_id":"","user":{"id_str":"80736311015","sec_uid":"MS4wLjABAAAAG74TEGGktInfhhLV02RHcVBAYVfkVQKr13znExfQQvM","nickname":"相臣793","avatar_thumb":{"url_list":["https://p3.douyinpic.com/aweme/100x100/aweme-avatar/37e7fa3f9e7341e2822917289acb6dcd.jpeg?from=3067671334","https://p6.douyinpic.com/aweme/100x100/aweme-avatar/37e7fa3f9e7341e2822917289acb6dcd.jpeg?from=3067671334","https://p11.douyinpic.com/aweme/100x100/aweme-avatar/37e7fa3f9e7341e2822917289acb6dcd.jpeg?from=3067671334"]},"follow_info":{"follow_status":0,"follow_status_str":"0"}},"qrcode_url":"","enter_mode":0,"room_status":2,"similar_rooms":[],"shark_decision_conf":""},"extra":{"now":1708080210762},"status_code":0}
2024-02-16 18:43:30,672 [DEBUG] 检测开播时返回系统繁忙
2024-02-16 18:43:30,672 [CRITICAL] 多次重试无法访问资源，可能是cookie失效
2024-02-16 18:43:30,672 [INFO] 获取cookie中...
2024-02-16 18:43:31,623 [INFO] cookie获取完成
2024-02-16 18:43:31,626 [DEBUG] 检测开播时返回系统繁忙
2024-02-16 18:43:31,876 [DEBUG] failed to load json when finding stream url of 514, using api 1, response: {"data":{"data":[],"enter_room_id":"","user":{"id_str":"80736311015","sec_uid":"MS4wLjABAAAAG74TEGGktInfhhLV02RHcVBAYVfkVQKr13znExfQQvM","nickname":"相臣793","avatar_thumb":{"url_list":["https://p11.douyinpic.com/aweme/100x100/aweme-avatar/37e7fa3f9e7341e2822917289acb6dcd.jpeg?from=3067671334","https://p26.douyinpic.com/aweme/100x100/aweme-avatar/37e7fa3f9e7341e2822917289acb6dcd.jpeg?from=3067671334","https://p6.douyinpic.com/aweme/100x100/aweme-avatar/37e7fa3f9e7341e2822917289acb6dcd.jpeg?from=3067671334"]},"follow_info":{"follow_status":0,"follow_status_str":"0"}},"qrcode_url":"","enter_mode":0,"room_status":2,"similar_rooms":[],"shark_decision_conf":""},"extra":{"now":1708080211991},"status_code":0}
2024-02-16 18:43:31,876 [DEBUG] 检测开播时返回系统繁忙
2024-02-16 18:43:31,877 [DEBUG] 检测开播时返回系统繁忙
2024-02-16 18:43:32,403 [DEBUG] failed to load json when finding stream url of 514, using api 1, response: {"data":{"data":[],"enter_room_id":"","user":{"id_str":"80736311015","sec_uid":"MS4wLjABAAAAG74TEGGktInfhhLV02RHcVBAYVfkVQKr13znExfQQvM","nickname":"相臣793","avatar_thumb":{"url_list":["https://p3.douyinpic.com/aweme/100x100/aweme-avatar/37e7fa3f9e7341e2822917289acb6dcd.jpeg?from=3067671334","https://p11.douyinpic.com/aweme/100x100/aweme-avatar/37e7fa3f9e7341e2822917289acb6dcd.jpeg?from=3067671334","https://p26.douyinpic.com/aweme/100x100/aweme-avatar/37e7fa3f9e7341e2822917289acb6dcd.jpeg?from=3067671334"]},"follow_info":{"follow_status":0,"follow_status_str":"0"}},"qrcode_url":"","enter_mode":0,"room_status":2,"similar_rooms":[],"shark_decision_conf":""},"extra":{"now":1708080212516},"status_code":0}
2024-02-16 18:43:32,403 [DEBUG] 检测开播时返回系统繁忙
2024-02-16 18:43:32,405 [DEBUG] 检测开播时返回系统繁忙
2024-02-16 18:43:32,405 [CRITICAL] 多次重试无法访问资源，可能是cookie失效
2024-02-16 18:43:32,405 [INFO] 获取cookie中...
2024-02-16 18:43:33,690 [INFO] cookie获取完成
2024-02-16 18:43:33,927 [DEBUG] failed to load json when finding stream url of 514, using api 1, response: {"data":{"data":[],"enter_room_id":"","user":{"id_str":"80736311015","sec_uid":"MS4wLjABAAAAG74TEGGktInfhhLV02RHcVBAYVfkVQKr13znExfQQvM","nickname":"相臣793","avatar_thumb":{"url_list":["https://p11.douyinpic.com/aweme/100x100/aweme-avatar/37e7fa3f9e7341e2822917289acb6dcd.jpeg?from=3067671334","https://p3.douyinpic.com/aweme/100x100/aweme-avatar/37e7fa3f9e7341e2822917289acb6dcd.jpeg?from=3067671334","https://p6.douyinpic.com/aweme/100x100/aweme-avatar/37e7fa3f9e7341e2822917289acb6dcd.jpeg?from=3067671334"]},"follow_info":{"follow_status":0,"follow_status_str":"0"}},"qrcode_url":"","enter_mode":0,"room_status":2,"similar_rooms":[],"shark_decision_conf":""},"extra":{"now":1708080214041},"status_code":0}
2024-02-16 18:43:33,927 [DEBUG] 检测开播时返回系统繁忙
2024-02-16 18:43:33,928 [DEBUG] 检测开播时返回系统繁忙
2024-02-16 18:43:34,469 [DEBUG] failed to load json when finding stream url of 514, using api 1, response: {"data":{"data":[],"enter_room_id":"","user":{"id_str":"80736311015","sec_uid":"MS4wLjABAAAAG74TEGGktInfhhLV02RHcVBAYVfkVQKr13znExfQQvM","nickname":"相臣793","avatar_thumb":{"url_list":["https://p6.douyinpic.com/aweme/100x100/aweme-avatar/37e7fa3f9e7341e2822917289acb6dcd.jpeg?from=3067671334","https://p3.douyinpic.com/aweme/100x100/aweme-avatar/37e7fa3f9e7341e2822917289acb6dcd.jpeg?from=3067671334","https://p26.douyinpic.com/aweme/100x100/aweme-avatar/37e7fa3f9e7341e2822917289acb6dcd.jpeg?from=3067671334"]},"follow_info":{"follow_status":0,"follow_status_str":"0"}},"qrcode_url":"","enter_mode":0,"room_status":2,"similar_rooms":[],"shark_decision_conf":""},"extra":{"now":1708080214585},"status_code":0}
2024-02-16 18:43:34,469 [DEBUG] 检测开播时返回系统繁忙
2024-02-16 18:43:34,470 [DEBUG] 检测开播时返回系统繁忙
2024-02-16 18:44:04,404 [DEBUG] failed to load json when finding stream url of 514, using api 1, response: {"data":{"data":[],"enter_room_id":"","user":{"id_str":"80736311015","sec_uid":"MS4wLjABAAAAG74TEGGktInfhhLV02RHcVBAYVfkVQKr13znExfQQvM","nickname":"相臣793","avatar_thumb":{"url_list":["https://p26.douyinpic.com/aweme/100x100/aweme-avatar/37e7fa3f9e7341e2822917289acb6dcd.jpeg?from=3067671334","https://p6.douyinpic.com/aweme/100x100/aweme-avatar/37e7fa3f9e7341e2822917289acb6dcd.jpeg?from=3067671334","https://p11.douyinpic.com/aweme/100x100/aweme-avatar/37e7fa3f9e7341e2822917289acb6dcd.jpeg?from=3067671334"]},"follow_info":{"follow_status":0,"follow_status_str":"0"}},"qrcode_url":"","enter_mode":0,"room_status":2,"similar_rooms":[],"shark_decision_conf":""},"extra":{"now":1708080244516},"status_code":0}
2024-02-16 18:44:04,404 [DEBUG] 检测开播时返回系统繁忙
2024-02-16 18:44:04,404 [CRITICAL] 多次重试无法访问资源，可能是cookie失效
2024-02-16 18:44:04,404 [INFO] 获取cookie中...
2024-02-16 18:44:05,507 [INFO] cookie获取完成
2024-02-16 18:44:05,509 [DEBUG] 检测开播时返回系统繁忙
2024-02-16 18:44:05,756 [DEBUG] failed to load json when finding stream url of 514, using api 1, response: {"data":{"data":[],"enter_room_id":"","user":{"id_str":"80736311015","sec_uid":"MS4wLjABAAAAG74TEGGktInfhhLV02RHcVBAYVfkVQKr13znExfQQvM","nickname":"相臣793","avatar_thumb":{"url_list":["https://p6.douyinpic.com/aweme/100x100/aweme-avatar/37e7fa3f9e7341e2822917289acb6dcd.jpeg?from=3067671334","https://p26.douyinpic.com/aweme/100x100/aweme-avatar/37e7fa3f9e7341e2822917289acb6dcd.jpeg?from=3067671334","https://p3.douyinpic.com/aweme/100x100/aweme-avatar/37e7fa3f9e7341e2822917289acb6dcd.jpeg?from=3067671334"]},"follow_info":{"follow_status":0,"follow_status_str":"0"}},"qrcode_url":"","enter_mode":0,"room_status":2,"similar_rooms":[],"shark_decision_conf":""},"extra":{"now":1708080245870},"status_code":0}
2024-02-16 18:44:05,756 [DEBUG] 检测开播时返回系统繁忙
2024-02-16 18:44:05,756 [DEBUG] 检测开播时返回系统繁忙
2024-02-16 18:44:06,255 [DEBUG] failed to load json when finding stream url of 514, using api 1, response: {"data":{"data":[],"enter_room_id":"","user":{"id_str":"80736311015","sec_uid":"MS4wLjABAAAAG74TEGGktInfhhLV02RHcVBAYVfkVQKr13znExfQQvM","nickname":"相臣793","avatar_thumb":{"url_list":["https://p3.douyinpic.com/aweme/100x100/aweme-avatar/37e7fa3f9e7341e2822917289acb6dcd.jpeg?from=3067671334","https://p11.douyinpic.com/aweme/100x100/aweme-avatar/37e7fa3f9e7341e2822917289acb6dcd.jpeg?from=3067671334","https://p6.douyinpic.com/aweme/100x100/aweme-avatar/37e7fa3f9e7341e2822917289acb6dcd.jpeg?from=3067671334"]},"follow_info":{"follow_status":0,"follow_status_str":"0"}},"qrcode_url":"","enter_mode":0,"room_status":2,"similar_rooms":[],"shark_decision_conf":""},"extra":{"now":1708080246369},"status_code":0}
2024-02-16 18:44:06,255 [DEBUG] 检测开播时返回系统繁忙
2024-02-16 18:44:06,256 [DEBUG] 检测开播时返回系统繁忙
2024-02-16 18:44:06,256 [CRITICAL] 多次重试无法访问资源，可能是cookie失效
2024-02-16 18:44:06,256 [INFO] 获取cookie中...
2024-02-16 18:44:07,403 [INFO] cookie获取完成
2024-02-16 18:44:07,652 [DEBUG] failed to load json when finding stream url of 514, using api 1, response: {"data":{"data":[],"enter_room_id":"","user":{"id_str":"80736311015","sec_uid":"MS4wLjABAAAAG74TEGGktInfhhLV02RHcVBAYVfkVQKr13znExfQQvM","nickname":"相臣793","avatar_thumb":{"url_list":["https://p11.douyinpic.com/aweme/100x100/aweme-avatar/37e7fa3f9e7341e2822917289acb6dcd.jpeg?from=3067671334","https://p3.douyinpic.com/aweme/100x100/aweme-avatar/37e7fa3f9e7341e2822917289acb6dcd.jpeg?from=3067671334","https://p26.douyinpic.com/aweme/100x100/aweme-avatar/37e7fa3f9e7341e2822917289acb6dcd.jpeg?from=3067671334"]},"follow_info":{"follow_status":0,"follow_status_str":"0"}},"qrcode_url":"","enter_mode":0,"room_status":2,"similar_rooms":[],"shark_decision_conf":""},"extra":{"now":1708080247766},"status_code":0}
2024-02-16 18:44:07,653 [DEBUG] 检测开播时返回系统繁忙
2024-02-16 18:44:07,654 [DEBUG] 检测开播时返回系统繁忙
2024-02-16 18:44:08,208 [DEBUG] failed to load json when finding stream url of 514, using api 1, response: {"data":{"data":[],"enter_room_id":"","user":{"id_str":"80736311015","sec_uid":"MS4wLjABAAAAG74TEGGktInfhhLV02RHcVBAYVfkVQKr13znExfQQvM","nickname":"相臣793","avatar_thumb":{"url_list":["https://p11.douyinpic.com/aweme/100x100/aweme-avatar/37e7fa3f9e7341e2822917289acb6dcd.jpeg?from=3067671334","https://p6.douyinpic.com/aweme/100x100/aweme-avatar/37e7fa3f9e7341e2822917289acb6dcd.jpeg?from=3067671334","https://p26.douyinpic.com/aweme/100x100/aweme-avatar/37e7fa3f9e7341e2822917289acb6dcd.jpeg?from=3067671334"]},"follow_info":{"follow_status":0,"follow_status_str":"0"}},"qrcode_url":"","enter_mode":0,"room_status":2,"similar_rooms":[],"shark_decision_conf":""},"extra":{"now":1708080248324},"status_code":0}
2024-02-16 18:44:08,208 [DEBUG] 检测开播时返回系统繁忙
2024-02-16 18:44:08,209 [DEBUG] 检测开播时返回系统繁忙
2024-02-16 18:44:18,190 [CRITICAL] catched SIGINT(Ctrl+C) signal
2024-02-16 18:44:18,364 [INFO] 小鱼_(883714673910) 弹幕录制结束
2024-02-16 18:44:18,832 [INFO] BB88(971779132512) 弹幕录制结束
2024-02-16 18:44:19,227 [INFO] yoyo(803144265780) 弹幕录制结束
