2024-02-16 18:49:37,944 [INFO] software started. version: 20230418. gui: False.
2024-02-16 18:49:37,944 [INFO] platform: Windows-10-10.0.22621-SP0
2024-02-16 18:49:37,944 [INFO] python version: 3.9.0
2024-02-16 18:49:37,964 [INFO] reading configs
2024-02-16 18:49:37,964 [INFO] config debug = true
2024-02-16 18:49:37,964 [INFO] config check_period = 25
2024-02-16 18:49:37,964 [INFO] config check_period_random_offset = 5
2024-02-16 18:49:37,964 [INFO] config important_check_period = 5
2024-02-16 18:49:37,964 [INFO] config important_check_period_random_offset = 3
2024-02-16 18:49:37,964 [INFO] config check_threads = 1
2024-02-16 18:49:37,964 [INFO] config check_wait = 0.5
2024-02-16 18:49:37,964 [INFO] config ffmpeg_path = 
2024-02-16 18:49:37,964 [INFO] config auto_transcode = false
2024-02-16 18:49:37,964 [INFO] config auto_transcode_encoder = copy
2024-02-16 18:49:37,964 [INFO] config auto_transcode_bps = 3000k
2024-02-16 18:49:37,964 [INFO] config auto_transcode_delete_origin = false
2024-02-16 18:49:37,964 [INFO] loaded room: yoyo(803144265780) auto_record=True record_danmu=True important=False
2024-02-16 18:49:37,964 [INFO] loaded room: 懒咩咩耶(530978326444) auto_record=True record_danmu=True important=False
2024-02-16 18:49:37,964 [INFO] loaded room: BB88(971779132512) auto_record=True record_danmu=True important=False
2024-02-16 18:49:37,964 [INFO] loaded room: 小鱼_(883714673910) auto_record=True record_danmu=True important=False
2024-02-16 18:49:37,964 [INFO] loaded room: 崽这里(909700371584) auto_record=True record_danmu=True important=False
2024-02-16 18:49:37,964 [INFO] loaded room: han涵(299017312920) auto_record=True record_danmu=True important=False
2024-02-16 18:49:37,964 [INFO] loaded room: 玉玉yuyu(414714977933) auto_record=True record_danmu=True important=False
2024-02-16 18:49:37,964 [INFO] loaded room: 妮可拉倒霸(329881946687) auto_record=True record_danmu=True important=False
2024-02-16 18:49:37,964 [INFO] loaded room: 1(514) auto_record=True record_danmu=True important=False
2024-02-16 18:49:37,964 [INFO] loaded room: 主播名2(851917085931) auto_record=True record_danmu=True important=False
2024-02-16 18:49:37,964 [INFO] 获取cookie中...
2024-02-16 18:49:39,076 [INFO] cookie获取完成
2024-02-16 18:49:39,352 [INFO] 检测到 yoyo(803144265780) 开始直播，启动录制。
2024-02-16 18:49:39,353 [INFO] 开始录制 yoyo(803144265780) 的弹幕
2024-02-16 18:49:39,896 [WARNING] cannot find RENDER_DATA when loading 803144265780
2024-02-16 18:49:39,896 [DEBUG] 检测开播时返回系统繁忙
2024-02-16 18:49:40,069 [INFO] 检测到 懒咩咩耶(530978326444) 开始直播，启动录制。
2024-02-16 18:49:40,071 [INFO] 开始录制 懒咩咩耶(530978326444) 的弹幕
2024-02-16 18:49:40,502 [WARNING] cannot find RENDER_DATA when loading 803144265780
2024-02-16 18:49:40,502 [DEBUG] 检测开播时返回系统繁忙
2024-02-16 18:49:40,653 [WARNING] cannot find RENDER_DATA when loading 530978326444
2024-02-16 18:49:40,653 [DEBUG] 检测开播时返回系统繁忙
2024-02-16 18:49:40,818 [CRITICAL] catched SIGINT(Ctrl+C) signal
2024-02-16 18:49:40,876 [INFO] 检测到 小鱼_(883714673910) 开始直播，启动录制。
2024-02-16 18:49:40,877 [INFO] 开始录制 小鱼_(883714673910) 的弹幕
2024-02-16 18:49:41,021 [WARNING] cannot find RENDER_DATA when loading 803144265780
2024-02-16 18:49:41,021 [DEBUG] 检测开播时返回系统繁忙
2024-02-16 18:49:41,326 [WARNING] cannot find RENDER_DATA when loading 530978326444
2024-02-16 18:49:41,326 [DEBUG] 检测开播时返回系统繁忙
2024-02-16 18:49:41,407 [CRITICAL] catched SIGINT(Ctrl+C) signal
2024-02-16 18:49:41,433 [WARNING] cannot find RENDER_DATA when loading 883714673910
2024-02-16 18:49:41,433 [DEBUG] 检测开播时返回系统繁忙
2024-02-16 18:49:41,591 [WARNING] cannot find RENDER_DATA when loading 803144265780
2024-02-16 18:49:41,591 [DEBUG] 检测开播时返回系统繁忙
2024-02-16 18:49:41,831 [WARNING] cannot find RENDER_DATA when loading 530978326444
2024-02-16 18:49:41,831 [DEBUG] 检测开播时返回系统繁忙
2024-02-16 18:49:41,831 [CRITICAL] 多次重试无法访问资源，可能是cookie失效
2024-02-16 18:49:41,831 [INFO] 获取cookie中...
2024-02-16 18:49:41,916 [CRITICAL] catched SIGINT(Ctrl+C) signal
