2024-02-16 18:56:00,738 [INFO] software started. version: 20230418. gui: False.
2024-02-16 18:56:00,739 [INFO] platform: Windows-10-10.0.22621-SP0
2024-02-16 18:56:00,739 [INFO] python version: 3.9.0
2024-02-16 18:56:00,757 [INFO] reading configs
2024-02-16 18:56:00,757 [INFO] config debug = true
2024-02-16 18:56:00,757 [INFO] config check_period = 25
2024-02-16 18:56:00,757 [INFO] config check_period_random_offset = 5
2024-02-16 18:56:00,757 [INFO] config important_check_period = 5
2024-02-16 18:56:00,757 [INFO] config important_check_period_random_offset = 3
2024-02-16 18:56:00,757 [INFO] config check_threads = 1
2024-02-16 18:56:00,757 [INFO] config check_wait = 0.5
2024-02-16 18:56:00,757 [INFO] config ffmpeg_path = 
2024-02-16 18:56:00,757 [INFO] config auto_transcode = false
2024-02-16 18:56:00,757 [INFO] config auto_transcode_encoder = copy
2024-02-16 18:56:00,757 [INFO] config auto_transcode_bps = 3000k
2024-02-16 18:56:00,757 [INFO] config auto_transcode_delete_origin = false
2024-02-16 18:56:00,757 [INFO] loaded room: yoyo(803144265780) auto_record=True record_danmu=True important=False
2024-02-16 18:56:00,758 [INFO] loaded room: 懒咩咩耶(530978326444) auto_record=True record_danmu=True important=False
2024-02-16 18:56:00,758 [INFO] loaded room: BB88(971779132512) auto_record=True record_danmu=True important=False
2024-02-16 18:56:00,758 [INFO] loaded room: 小鱼_(883714673910) auto_record=True record_danmu=True important=False
2024-02-16 18:56:00,758 [INFO] loaded room: 崽这里(909700371584) auto_record=True record_danmu=True important=False
2024-02-16 18:56:00,758 [INFO] loaded room: han涵(299017312920) auto_record=True record_danmu=True important=False
2024-02-16 18:56:00,758 [INFO] loaded room: 玉玉yuyu(414714977933) auto_record=True record_danmu=True important=False
2024-02-16 18:56:00,758 [INFO] loaded room: 妮可拉倒霸(329881946687) auto_record=True record_danmu=True important=False
2024-02-16 18:56:00,758 [INFO] loaded room: 芊雨(173351112272) auto_record=True record_danmu=True important=False
2024-02-16 18:56:00,758 [INFO] loaded room: 鹿小九(709273779444) auto_record=True record_danmu=True important=False
2024-02-16 18:56:00,758 [INFO] loaded room: 柏林的以(79504936710) auto_record=True record_danmu=True important=False
2024-02-16 18:56:00,758 [INFO] loaded room: 铁臂小菠萝(242412481625) auto_record=True record_danmu=True important=False
2024-02-16 18:56:00,758 [INFO] loaded room: 主播名2(851917085931) auto_record=True record_danmu=True important=False
2024-02-16 18:56:00,758 [INFO] 获取cookie中...
2024-02-16 18:56:01,807 [INFO] cookie获取完成
2024-02-16 18:56:02,620 [INFO] 检测到 懒咩咩耶(530978326444) 开始直播，启动录制。
2024-02-16 18:56:02,621 [INFO] 开始录制 懒咩咩耶(530978326444) 的弹幕
2024-02-16 18:56:02,843 [WARNING] cannot find RENDER_DATA when loading 530978326444
2024-02-16 18:56:02,843 [DEBUG] 检测开播时返回系统繁忙
2024-02-16 18:56:03,357 [WARNING] cannot find RENDER_DATA when loading 530978326444
2024-02-16 18:56:03,357 [DEBUG] 检测开播时返回系统繁忙
2024-02-16 18:56:03,618 [INFO] 检测到 小鱼_(883714673910) 开始直播，启动录制。
2024-02-16 18:56:03,623 [INFO] 开始录制 小鱼_(883714673910) 的弹幕
2024-02-16 18:56:03,951 [WARNING] cannot find RENDER_DATA when loading 530978326444
2024-02-16 18:56:03,951 [DEBUG] 检测开播时返回系统繁忙
2024-02-16 18:56:04,141 [INFO] 检测到 崽这里(909700371584) 开始直播，启动录制。
2024-02-16 18:56:04,151 [INFO] 开始录制 崽这里(909700371584) 的弹幕
2024-02-16 18:56:04,472 [WARNING] cannot find RENDER_DATA when loading 883714673910
2024-02-16 18:56:04,472 [DEBUG] 检测开播时返回系统繁忙
2024-02-16 18:56:04,481 [WARNING] cannot find RENDER_DATA when loading 530978326444
2024-02-16 18:56:04,482 [DEBUG] 检测开播时返回系统繁忙
2024-02-16 18:56:04,629 [INFO] 检测到 han涵(299017312920) 开始直播，启动录制。
2024-02-16 18:56:04,630 [INFO] 开始录制 han涵(299017312920) 的弹幕
2024-02-16 18:56:04,748 [WARNING] cannot find RENDER_DATA when loading 909700371584
2024-02-16 18:56:04,748 [DEBUG] 检测开播时返回系统繁忙
2024-02-16 18:56:05,028 [WARNING] cannot find RENDER_DATA when loading 883714673910
2024-02-16 18:56:05,028 [DEBUG] 检测开播时返回系统繁忙
2024-02-16 18:56:05,239 [INFO] 检测到 玉玉yuyu(414714977933) 开始直播，启动录制。
2024-02-16 18:56:05,242 [INFO] 开始录制 玉玉yuyu(414714977933) 的弹幕
2024-02-16 18:56:05,268 [WARNING] cannot find RENDER_DATA when loading 299017312920
2024-02-16 18:56:05,268 [DEBUG] 检测开播时返回系统繁忙
2024-02-16 18:56:05,290 [WARNING] cannot find RENDER_DATA when loading 530978326444
2024-02-16 18:56:05,290 [DEBUG] 检测开播时返回系统繁忙
2024-02-16 18:56:05,290 [WARNING] cannot find RENDER_DATA when loading 909700371584
2024-02-16 18:56:05,290 [DEBUG] 检测开播时返回系统繁忙
2024-02-16 18:56:05,585 [WARNING] cannot find RENDER_DATA when loading 883714673910
2024-02-16 18:56:05,585 [DEBUG] 检测开播时返回系统繁忙
2024-02-16 18:56:05,648 [INFO] 检测到 妮可拉倒霸(329881946687) 开始直播，启动录制。
2024-02-16 18:56:05,651 [INFO] 开始录制 妮可拉倒霸(329881946687) 的弹幕
2024-02-16 18:56:05,790 [WARNING] cannot find RENDER_DATA when loading 414714977933
2024-02-16 18:56:05,790 [DEBUG] 检测开播时返回系统繁忙
2024-02-16 18:56:05,894 [WARNING] cannot find RENDER_DATA when loading 299017312920
2024-02-16 18:56:05,895 [DEBUG] 检测开播时返回系统繁忙
2024-02-16 18:56:06,031 [WARNING] cannot find RENDER_DATA when loading 909700371584
2024-02-16 18:56:06,031 [DEBUG] 检测开播时返回系统繁忙
2024-02-16 18:56:06,097 [WARNING] cannot find RENDER_DATA when loading 883714673910
2024-02-16 18:56:06,097 [DEBUG] 检测开播时返回系统繁忙
2024-02-16 18:56:06,296 [WARNING] cannot find RENDER_DATA when loading 329881946687
2024-02-16 18:56:06,296 [DEBUG] 检测开播时返回系统繁忙
2024-02-16 18:56:06,296 [CRITICAL] 多次重试无法访问资源，可能是cookie失效
2024-02-16 18:56:06,297 [INFO] 获取cookie中...
2024-02-16 18:56:06,368 [WARNING] cannot find RENDER_DATA when loading 414714977933
2024-02-16 18:56:06,368 [DEBUG] 检测开播时返回系统繁忙
2024-02-16 18:56:06,443 [WARNING] cannot find RENDER_DATA when loading 299017312920
2024-02-16 18:56:06,443 [DEBUG] 检测开播时返回系统繁忙
2024-02-16 18:56:06,610 [WARNING] cannot find RENDER_DATA when loading 883714673910
2024-02-16 18:56:06,610 [DEBUG] 检测开播时返回系统繁忙
2024-02-16 18:56:06,655 [WARNING] cannot find RENDER_DATA when loading 909700371584
2024-02-16 18:56:06,655 [DEBUG] 检测开播时返回系统繁忙
2024-02-16 18:56:06,884 [WARNING] cannot find RENDER_DATA when loading 414714977933
2024-02-16 18:56:06,884 [DEBUG] 检测开播时返回系统繁忙
2024-02-16 18:56:06,961 [WARNING] cannot find RENDER_DATA when loading 299017312920
2024-02-16 18:56:06,961 [DEBUG] 检测开播时返回系统繁忙
2024-02-16 18:56:07,224 [WARNING] cannot find RENDER_DATA when loading 909700371584
2024-02-16 18:56:07,224 [DEBUG] 检测开播时返回系统繁忙
2024-02-16 18:56:07,380 [INFO] 检测到 芊雨(173351112272) 开始直播，启动录制。
2024-02-16 18:56:07,382 [INFO] 开始录制 芊雨(173351112272) 的弹幕
2024-02-16 18:56:07,426 [WARNING] cannot find RENDER_DATA when loading 414714977933
2024-02-16 18:56:07,426 [DEBUG] 检测开播时返回系统繁忙
2024-02-16 18:56:07,450 [INFO] cookie获取完成
2024-02-16 18:56:07,513 [WARNING] cannot find RENDER_DATA when loading 299017312920
2024-02-16 18:56:07,513 [DEBUG] 检测开播时返回系统繁忙
2024-02-16 18:56:07,677 [INFO] 检测到 鹿小九(709273779444) 开始直播，启动录制。
2024-02-16 18:56:07,678 [INFO] 开始录制 鹿小九(709273779444) 的弹幕
2024-02-16 18:56:07,923 [WARNING] cannot find RENDER_DATA when loading 414714977933
2024-02-16 18:56:07,923 [DEBUG] 检测开播时返回系统繁忙
2024-02-16 18:56:07,985 [WARNING] cannot find RENDER_DATA when loading 329881946687
2024-02-16 18:56:07,985 [DEBUG] 检测开播时返回系统繁忙
2024-02-16 18:56:08,059 [WARNING] cannot find RENDER_DATA when loading 173351112272
2024-02-16 18:56:08,059 [DEBUG] 检测开播时返回系统繁忙
2024-02-16 18:56:08,203 [INFO] 检测到 柏林的以(79504936710) 开始直播，启动录制。
2024-02-16 18:56:08,205 [INFO] 开始录制 柏林的以(79504936710) 的弹幕
2024-02-16 18:56:08,362 [WARNING] cannot find RENDER_DATA when loading 709273779444
2024-02-16 18:56:08,362 [DEBUG] 检测开播时返回系统繁忙
2024-02-16 18:56:08,544 [WARNING] cannot find RENDER_DATA when loading 329881946687
2024-02-16 18:56:08,544 [DEBUG] 检测开播时返回系统繁忙
2024-02-16 18:56:08,576 [WARNING] cannot find RENDER_DATA when loading 173351112272
2024-02-16 18:56:08,576 [DEBUG] 检测开播时返回系统繁忙
2024-02-16 18:56:08,796 [WARNING] cannot find RENDER_DATA when loading 79504936710
2024-02-16 18:56:08,796 [DEBUG] 检测开播时返回系统繁忙
2024-02-16 18:56:08,813 [INFO] 检测到 铁臂小菠萝(242412481625) 开始直播，启动录制。
2024-02-16 18:56:08,815 [INFO] 开始录制 铁臂小菠萝(242412481625) 的弹幕
2024-02-16 18:56:08,896 [WARNING] cannot find RENDER_DATA when loading 709273779444
2024-02-16 18:56:08,896 [DEBUG] 检测开播时返回系统繁忙
2024-02-16 18:56:09,124 [WARNING] cannot find RENDER_DATA when loading 173351112272
2024-02-16 18:56:09,124 [DEBUG] 检测开播时返回系统繁忙
2024-02-16 18:56:09,184 [WARNING] cannot find RENDER_DATA when loading 329881946687
2024-02-16 18:56:09,184 [DEBUG] 检测开播时返回系统繁忙
2024-02-16 18:56:09,314 [WARNING] cannot find RENDER_DATA when loading 79504936710
2024-02-16 18:56:09,314 [DEBUG] 检测开播时返回系统繁忙
2024-02-16 18:56:09,478 [WARNING] cannot find RENDER_DATA when loading 242412481625
2024-02-16 18:56:09,478 [DEBUG] 检测开播时返回系统繁忙
2024-02-16 18:56:09,478 [CRITICAL] 多次重试无法访问资源，可能是cookie失效
2024-02-16 18:56:09,478 [INFO] 获取cookie中...
2024-02-16 18:56:09,750 [WARNING] cannot find RENDER_DATA when loading 173351112272
2024-02-16 18:56:09,750 [DEBUG] 检测开播时返回系统繁忙
2024-02-16 18:56:09,810 [WARNING] cannot find RENDER_DATA when loading 709273779444
2024-02-16 18:56:09,810 [DEBUG] 检测开播时返回系统繁忙
2024-02-16 18:56:09,835 [WARNING] cannot find RENDER_DATA when loading 79504936710
2024-02-16 18:56:09,835 [DEBUG] 检测开播时返回系统繁忙
2024-02-16 18:56:10,052 [WARNING] cannot find RENDER_DATA when loading 329881946687
2024-02-16 18:56:10,052 [DEBUG] 检测开播时返回系统繁忙
2024-02-16 18:56:10,319 [WARNING] cannot find RENDER_DATA when loading 709273779444
2024-02-16 18:56:10,319 [DEBUG] 检测开播时返回系统繁忙
2024-02-16 18:56:10,329 [WARNING] cannot find RENDER_DATA when loading 173351112272
2024-02-16 18:56:10,329 [DEBUG] 检测开播时返回系统繁忙
2024-02-16 18:56:10,378 [WARNING] cannot find RENDER_DATA when loading 79504936710
2024-02-16 18:56:10,378 [DEBUG] 检测开播时返回系统繁忙
2024-02-16 18:56:10,526 [INFO] cookie获取完成
2024-02-16 18:56:10,885 [WARNING] cannot find RENDER_DATA when loading 709273779444
2024-02-16 18:56:10,885 [DEBUG] 检测开播时返回系统繁忙
2024-02-16 18:56:11,087 [WARNING] cannot find RENDER_DATA when loading 242412481625
2024-02-16 18:56:11,087 [DEBUG] 检测开播时返回系统繁忙
2024-02-16 18:56:11,566 [WARNING] cannot find RENDER_DATA when loading 242412481625
2024-02-16 18:56:11,566 [DEBUG] 检测开播时返回系统繁忙
2024-02-16 18:56:11,612 [WARNING] cannot find RENDER_DATA when loading 79504936710
2024-02-16 18:56:11,612 [DEBUG] 检测开播时返回系统繁忙
2024-02-16 18:56:12,172 [WARNING] cannot find RENDER_DATA when loading 242412481625
2024-02-16 18:56:12,172 [DEBUG] 检测开播时返回系统繁忙
2024-02-16 18:56:12,172 [CRITICAL] 多次重试无法访问资源，可能是cookie失效
2024-02-16 18:56:12,172 [INFO] 获取cookie中...
2024-02-16 18:56:13,244 [INFO] cookie获取完成
2024-02-16 18:56:13,767 [WARNING] cannot find RENDER_DATA when loading 242412481625
2024-02-16 18:56:13,767 [DEBUG] 检测开播时返回系统繁忙
2024-02-16 18:56:38,881 [INFO] 崽这里(909700371584) 弹幕录制结束
2024-02-16 18:56:38,882 [WARNING] 崽这里(909700371584) 无法获取弹幕，正在重试(1)
2024-02-16 18:56:39,369 [INFO] 崽这里(909700371584)弹幕录制重试(1)
2024-02-16 18:56:40,378 [INFO] 开始录制 崽这里(909700371584) 的弹幕
2024-02-16 18:56:40,930 [WARNING] cannot find RENDER_DATA when loading 909700371584
2024-02-16 18:56:40,931 [DEBUG] 检测开播时返回系统繁忙
2024-02-16 18:56:41,636 [WARNING] cannot find RENDER_DATA when loading 909700371584
2024-02-16 18:56:41,637 [DEBUG] 检测开播时返回系统繁忙
2024-02-16 18:56:42,210 [WARNING] cannot find RENDER_DATA when loading 909700371584
2024-02-16 18:56:42,210 [DEBUG] 检测开播时返回系统繁忙
2024-02-16 18:56:42,724 [WARNING] cannot find RENDER_DATA when loading 909700371584
2024-02-16 18:56:42,724 [DEBUG] 检测开播时返回系统繁忙
2024-02-16 18:56:42,725 [CRITICAL] 多次重试无法访问资源，可能是cookie失效
2024-02-16 18:56:42,725 [INFO] 获取cookie中...
2024-02-16 18:56:43,336 [INFO] 柏林的以(79504936710) 弹幕录制结束
2024-02-16 18:56:43,341 [WARNING] 柏林的以(79504936710) 无法获取弹幕，正在重试(1)
2024-02-16 18:56:43,781 [INFO] 柏林的以(79504936710)弹幕录制重试(1)
2024-02-16 18:56:43,925 [INFO] cookie获取完成
2024-02-16 18:56:44,797 [INFO] 开始录制 柏林的以(79504936710) 的弹幕
2024-02-16 18:56:44,997 [WARNING] cannot find RENDER_DATA when loading 909700371584
2024-02-16 18:56:44,997 [DEBUG] 检测开播时返回系统繁忙
2024-02-16 18:56:45,284 [WARNING] cannot find RENDER_DATA when loading 79504936710
2024-02-16 18:56:45,284 [DEBUG] 检测开播时返回系统繁忙
2024-02-16 18:56:45,423 [INFO] 铁臂小菠萝(242412481625) 弹幕录制结束
2024-02-16 18:56:45,432 [WARNING] 铁臂小菠萝(242412481625) 无法获取弹幕，正在重试(1)
2024-02-16 18:56:45,713 [INFO] 铁臂小菠萝(242412481625)弹幕录制重试(1)
2024-02-16 18:56:45,802 [WARNING] cannot find RENDER_DATA when loading 79504936710
2024-02-16 18:56:45,802 [DEBUG] 检测开播时返回系统繁忙
2024-02-16 18:56:46,425 [WARNING] cannot find RENDER_DATA when loading 79504936710
2024-02-16 18:56:46,425 [DEBUG] 检测开播时返回系统繁忙
2024-02-16 18:56:46,719 [INFO] 开始录制 铁臂小菠萝(242412481625) 的弹幕
2024-02-16 18:56:47,026 [WARNING] cannot find RENDER_DATA when loading 79504936710
2024-02-16 18:56:47,026 [DEBUG] 检测开播时返回系统繁忙
2024-02-16 18:56:47,026 [CRITICAL] 多次重试无法访问资源，可能是cookie失效
2024-02-16 18:56:47,026 [INFO] 获取cookie中...
2024-02-16 18:56:47,509 [WARNING] cannot find RENDER_DATA when loading 242412481625
2024-02-16 18:56:47,509 [DEBUG] 检测开播时返回系统繁忙
2024-02-16 18:56:48,077 [WARNING] cannot find RENDER_DATA when loading 242412481625
2024-02-16 18:56:48,077 [DEBUG] 检测开播时返回系统繁忙
2024-02-16 18:56:48,127 [INFO] cookie获取完成
2024-02-16 18:56:48,328 [WARNING] cannot find RENDER_DATA when loading 79504936710
2024-02-16 18:56:48,328 [DEBUG] 检测开播时返回系统繁忙
2024-02-16 18:56:48,606 [WARNING] cannot find RENDER_DATA when loading 242412481625
2024-02-16 18:56:48,607 [DEBUG] 检测开播时返回系统繁忙
2024-02-16 18:56:49,201 [WARNING] cannot find RENDER_DATA when loading 242412481625
2024-02-16 18:56:49,202 [DEBUG] 检测开播时返回系统繁忙
2024-02-16 18:56:49,836 [WARNING] cannot find RENDER_DATA when loading 242412481625
2024-02-16 18:56:49,836 [DEBUG] 检测开播时返回系统繁忙
