2024-02-16 18:49:44,998 [INFO] software started. version: 20230418. gui: False.
2024-02-16 18:49:44,998 [INFO] platform: Windows-10-10.0.22621-SP0
2024-02-16 18:49:44,998 [INFO] python version: 3.9.0
2024-02-16 18:49:45,013 [INFO] reading configs
2024-02-16 18:49:45,013 [INFO] config debug = true
2024-02-16 18:49:45,013 [INFO] config check_period = 25
2024-02-16 18:49:45,013 [INFO] config check_period_random_offset = 5
2024-02-16 18:49:45,013 [INFO] config important_check_period = 5
2024-02-16 18:49:45,013 [INFO] config important_check_period_random_offset = 3
2024-02-16 18:49:45,013 [INFO] config check_threads = 1
2024-02-16 18:49:45,013 [INFO] config check_wait = 0.5
2024-02-16 18:49:45,013 [INFO] config ffmpeg_path = 
2024-02-16 18:49:45,013 [INFO] config auto_transcode = false
2024-02-16 18:49:45,013 [INFO] config auto_transcode_encoder = copy
2024-02-16 18:49:45,013 [INFO] config auto_transcode_bps = 3000k
2024-02-16 18:49:45,013 [INFO] config auto_transcode_delete_origin = false
2024-02-16 18:49:45,013 [INFO] loaded room: yoyo(803144265780) auto_record=True record_danmu=True important=False
2024-02-16 18:49:45,013 [INFO] loaded room: 懒咩咩耶(530978326444) auto_record=True record_danmu=True important=False
2024-02-16 18:49:45,013 [INFO] loaded room: BB88(971779132512) auto_record=True record_danmu=True important=False
2024-02-16 18:49:45,013 [INFO] loaded room: 小鱼_(883714673910) auto_record=True record_danmu=True important=False
2024-02-16 18:49:45,013 [INFO] loaded room: 崽这里(909700371584) auto_record=True record_danmu=True important=False
2024-02-16 18:49:45,013 [INFO] loaded room: han涵(299017312920) auto_record=True record_danmu=True important=False
2024-02-16 18:49:45,014 [INFO] loaded room: 玉玉yuyu(414714977933) auto_record=True record_danmu=True important=False
2024-02-16 18:49:45,014 [INFO] loaded room: 妮可拉倒霸(329881946687) auto_record=True record_danmu=True important=False
2024-02-16 18:49:45,014 [INFO] loaded room: 1(514) auto_record=True record_danmu=True important=False
2024-02-16 18:49:45,014 [INFO] loaded room: 主播名2(851917085931) auto_record=True record_danmu=True important=False
2024-02-16 18:49:45,014 [INFO] 获取cookie中...
2024-02-16 18:49:46,028 [INFO] cookie获取完成
2024-02-16 18:49:46,304 [INFO] 检测到 yoyo(803144265780) 开始直播，启动录制。
2024-02-16 18:49:46,305 [INFO] 开始录制 yoyo(803144265780) 的弹幕
2024-02-16 18:49:46,820 [WARNING] cannot find RENDER_DATA when loading 803144265780
2024-02-16 18:49:46,820 [DEBUG] 检测开播时返回系统繁忙
2024-02-16 18:49:46,915 [INFO] 检测到 懒咩咩耶(530978326444) 开始直播，启动录制。
2024-02-16 18:49:46,916 [INFO] 开始录制 懒咩咩耶(530978326444) 的弹幕
2024-02-16 18:49:47,340 [WARNING] cannot find RENDER_DATA when loading 803144265780
2024-02-16 18:49:47,340 [DEBUG] 检测开播时返回系统繁忙
2024-02-16 18:49:47,464 [WARNING] cannot find RENDER_DATA when loading 530978326444
2024-02-16 18:49:47,464 [DEBUG] 检测开播时返回系统繁忙
2024-02-16 18:49:47,843 [WARNING] cannot find RENDER_DATA when loading 803144265780
2024-02-16 18:49:47,843 [DEBUG] 检测开播时返回系统繁忙
2024-02-16 18:49:47,881 [INFO] 检测到 小鱼_(883714673910) 开始直播，启动录制。
2024-02-16 18:49:47,885 [INFO] 开始录制 小鱼_(883714673910) 的弹幕
2024-02-16 18:49:48,175 [WARNING] cannot find RENDER_DATA when loading 530978326444
2024-02-16 18:49:48,175 [DEBUG] 检测开播时返回系统繁忙
2024-02-16 18:49:48,377 [INFO] 检测到 崽这里(909700371584) 开始直播，启动录制。
2024-02-16 18:49:48,381 [INFO] 开始录制 崽这里(909700371584) 的弹幕
2024-02-16 18:49:48,402 [WARNING] cannot find RENDER_DATA when loading 883714673910
2024-02-16 18:49:48,403 [DEBUG] 检测开播时返回系统繁忙
2024-02-16 18:49:48,562 [WARNING] cannot find RENDER_DATA when loading 803144265780
2024-02-16 18:49:48,562 [DEBUG] 检测开播时返回系统繁忙
2024-02-16 18:49:48,860 [WARNING] cannot find RENDER_DATA when loading 530978326444
2024-02-16 18:49:48,860 [DEBUG] 检测开播时返回系统繁忙
2024-02-16 18:49:48,897 [INFO] 检测到 han涵(299017312920) 开始直播，启动录制。
2024-02-16 18:49:48,899 [INFO] 开始录制 han涵(299017312920) 的弹幕
2024-02-16 18:49:48,928 [WARNING] cannot find RENDER_DATA when loading 909700371584
2024-02-16 18:49:48,928 [DEBUG] 检测开播时返回系统繁忙
2024-02-16 18:49:48,943 [WARNING] cannot find RENDER_DATA when loading 883714673910
2024-02-16 18:49:48,943 [DEBUG] 检测开播时返回系统繁忙
2024-02-16 18:49:49,196 [WARNING] cannot find RENDER_DATA when loading 803144265780
2024-02-16 18:49:49,196 [DEBUG] 检测开播时返回系统繁忙
2024-02-16 18:49:49,513 [INFO] 检测到 玉玉yuyu(414714977933) 开始直播，启动录制。
2024-02-16 18:49:49,514 [INFO] 开始录制 玉玉yuyu(414714977933) 的弹幕
2024-02-16 18:49:49,525 [WARNING] cannot find RENDER_DATA when loading 530978326444
2024-02-16 18:49:49,525 [DEBUG] 检测开播时返回系统繁忙
2024-02-16 18:49:49,556 [WARNING] cannot find RENDER_DATA when loading 883714673910
2024-02-16 18:49:49,556 [DEBUG] 检测开播时返回系统繁忙
2024-02-16 18:49:49,605 [WARNING] cannot find RENDER_DATA when loading 909700371584
2024-02-16 18:49:49,605 [DEBUG] 检测开播时返回系统繁忙
2024-02-16 18:49:49,680 [WARNING] cannot find RENDER_DATA when loading 299017312920
2024-02-16 18:49:49,680 [DEBUG] 检测开播时返回系统繁忙
2024-02-16 18:49:49,885 [INFO] 检测到 妮可拉倒霸(329881946687) 开始直播，启动录制。
2024-02-16 18:49:49,886 [INFO] 开始录制 妮可拉倒霸(329881946687) 的弹幕
2024-02-16 18:49:50,131 [WARNING] cannot find RENDER_DATA when loading 414714977933
2024-02-16 18:49:50,131 [DEBUG] 检测开播时返回系统繁忙
2024-02-16 18:49:50,133 [WARNING] cannot find RENDER_DATA when loading 909700371584
2024-02-16 18:49:50,133 [DEBUG] 检测开播时返回系统繁忙
2024-02-16 18:49:50,198 [WARNING] cannot find RENDER_DATA when loading 883714673910
2024-02-16 18:49:50,198 [DEBUG] 检测开播时返回系统繁忙
2024-02-16 18:49:50,379 [DEBUG] failed to load json when finding stream url of 514, using api 1, response: {"data":{"data":[],"enter_room_id":"","user":{"id_str":"80736311015","sec_uid":"MS4wLjABAAAAG74TEGGktInfhhLV02RHcVBAYVfkVQKr13znExfQQvM","nickname":"相臣793","avatar_thumb":{"url_list":["https://p3.douyinpic.com/aweme/100x100/aweme-avatar/37e7fa3f9e7341e2822917289acb6dcd.jpeg?from=3067671334","https://p26.douyinpic.com/aweme/100x100/aweme-avatar/37e7fa3f9e7341e2822917289acb6dcd.jpeg?from=3067671334","https://p6.douyinpic.com/aweme/100x100/aweme-avatar/37e7fa3f9e7341e2822917289acb6dcd.jpeg?from=3067671334"]},"follow_info":{"follow_status":0,"follow_status_str":"0"}},"qrcode_url":"","enter_mode":0,"room_status":2,"similar_rooms":[],"shark_decision_conf":""},"extra":{"now":1708080590497},"status_code":0}
2024-02-16 18:49:50,379 [DEBUG] 检测开播时返回系统繁忙
2024-02-16 18:49:50,380 [DEBUG] 检测开播时返回系统繁忙
2024-02-16 18:49:50,380 [CRITICAL] 多次重试无法访问资源，可能是cookie失效
2024-02-16 18:49:50,381 [INFO] 获取cookie中...
2024-02-16 18:49:50,676 [WARNING] cannot find RENDER_DATA when loading 414714977933
2024-02-16 18:49:50,676 [DEBUG] 检测开播时返回系统繁忙
2024-02-16 18:49:50,677 [WARNING] cannot find RENDER_DATA when loading 530978326444
2024-02-16 18:49:50,677 [DEBUG] 检测开播时返回系统繁忙
2024-02-16 18:49:50,697 [WARNING] cannot find RENDER_DATA when loading 909700371584
2024-02-16 18:49:50,697 [DEBUG] 检测开播时返回系统繁忙
2024-02-16 18:49:50,733 [WARNING] cannot find RENDER_DATA when loading 329881946687
2024-02-16 18:49:50,733 [DEBUG] 检测开播时返回系统繁忙
2024-02-16 18:49:50,842 [WARNING] cannot find RENDER_DATA when loading 883714673910
2024-02-16 18:49:50,842 [DEBUG] 检测开播时返回系统繁忙
2024-02-16 18:49:50,913 [WARNING] cannot find RENDER_DATA when loading 299017312920
2024-02-16 18:49:50,913 [DEBUG] 检测开播时返回系统繁忙
2024-02-16 18:49:51,206 [WARNING] cannot find RENDER_DATA when loading 329881946687
2024-02-16 18:49:51,206 [DEBUG] 检测开播时返回系统繁忙
2024-02-16 18:49:51,296 [WARNING] cannot find RENDER_DATA when loading 414714977933
2024-02-16 18:49:51,297 [DEBUG] 检测开播时返回系统繁忙
2024-02-16 18:49:51,401 [WARNING] cannot find RENDER_DATA when loading 299017312920
2024-02-16 18:49:51,401 [DEBUG] 检测开播时返回系统繁忙
2024-02-16 18:49:51,457 [INFO] cookie获取完成
2024-02-16 18:49:51,471 [WARNING] cannot find RENDER_DATA when loading 909700371584
2024-02-16 18:49:51,471 [DEBUG] 检测开播时返回系统繁忙
2024-02-16 18:49:51,822 [WARNING] cannot find RENDER_DATA when loading 414714977933
2024-02-16 18:49:51,822 [DEBUG] 检测开播时返回系统繁忙
2024-02-16 18:49:51,888 [WARNING] cannot find RENDER_DATA when loading 329881946687
2024-02-16 18:49:51,888 [DEBUG] 检测开播时返回系统繁忙
2024-02-16 18:49:52,003 [WARNING] cannot find RENDER_DATA when loading 299017312920
2024-02-16 18:49:52,003 [DEBUG] 检测开播时返回系统繁忙
2024-02-16 18:49:52,519 [WARNING] cannot find RENDER_DATA when loading 329881946687
2024-02-16 18:49:52,519 [DEBUG] 检测开播时返回系统繁忙
2024-02-16 18:49:52,519 [CRITICAL] 多次重试无法访问资源，可能是cookie失效
2024-02-16 18:49:52,519 [INFO] 获取cookie中...
2024-02-16 18:49:52,522 [WARNING] cannot find RENDER_DATA when loading 414714977933
2024-02-16 18:49:52,522 [DEBUG] 检测开播时返回系统繁忙
2024-02-16 18:49:52,547 [WARNING] cannot find RENDER_DATA when loading 299017312920
2024-02-16 18:49:52,548 [DEBUG] 检测开播时返回系统繁忙
2024-02-16 18:49:53,610 [INFO] cookie获取完成
2024-02-16 18:49:54,164 [WARNING] cannot find RENDER_DATA when loading 329881946687
2024-02-16 18:49:54,165 [DEBUG] 检测开播时返回系统繁忙
2024-02-16 18:50:22,303 [DEBUG] failed to load json when finding stream url of 514, using api 1, response: {"data":{"data":[],"enter_room_id":"","user":{"id_str":"80736311015","sec_uid":"MS4wLjABAAAAG74TEGGktInfhhLV02RHcVBAYVfkVQKr13znExfQQvM","nickname":"相臣793","avatar_thumb":{"url_list":["https://p3.douyinpic.com/aweme/100x100/aweme-avatar/37e7fa3f9e7341e2822917289acb6dcd.jpeg?from=3067671334","https://p11.douyinpic.com/aweme/100x100/aweme-avatar/37e7fa3f9e7341e2822917289acb6dcd.jpeg?from=3067671334","https://p26.douyinpic.com/aweme/100x100/aweme-avatar/37e7fa3f9e7341e2822917289acb6dcd.jpeg?from=3067671334"]},"follow_info":{"follow_status":0,"follow_status_str":"0"}},"qrcode_url":"","enter_mode":0,"room_status":2,"similar_rooms":[],"shark_decision_conf":""},"extra":{"now":1708080622421},"status_code":0}
2024-02-16 18:50:22,303 [DEBUG] 检测开播时返回系统繁忙
2024-02-16 18:50:22,304 [DEBUG] 检测开播时返回系统繁忙
2024-02-16 18:50:22,466 [INFO] 小鱼_(883714673910) 弹幕录制结束
2024-02-16 18:50:22,473 [WARNING] 小鱼_(883714673910) 无法获取弹幕，正在重试(1)
2024-02-16 18:50:22,784 [INFO] 小鱼_(883714673910)弹幕录制重试(1)
2024-02-16 18:50:23,029 [INFO] 崽这里(909700371584) 弹幕录制结束
2024-02-16 18:50:23,068 [WARNING] 崽这里(909700371584) 无法获取弹幕，正在重试(1)
2024-02-16 18:50:23,333 [INFO] 崽这里(909700371584)弹幕录制重试(1)
2024-02-16 18:50:23,793 [INFO] 开始录制 小鱼_(883714673910) 的弹幕
2024-02-16 18:50:24,334 [WARNING] cannot find RENDER_DATA when loading 883714673910
2024-02-16 18:50:24,334 [DEBUG] 检测开播时返回系统繁忙
2024-02-16 18:50:24,340 [INFO] 开始录制 崽这里(909700371584) 的弹幕
2024-02-16 18:50:24,928 [WARNING] cannot find RENDER_DATA when loading 883714673910
2024-02-16 18:50:24,928 [DEBUG] 检测开播时返回系统繁忙
2024-02-16 18:50:24,928 [CRITICAL] 多次重试无法访问资源，可能是cookie失效
2024-02-16 18:50:24,928 [INFO] 获取cookie中...
2024-02-16 18:50:25,059 [WARNING] cannot find RENDER_DATA when loading 909700371584
2024-02-16 18:50:25,060 [DEBUG] 检测开播时返回系统繁忙
2024-02-16 18:50:25,683 [WARNING] cannot find RENDER_DATA when loading 909700371584
2024-02-16 18:50:25,683 [DEBUG] 检测开播时返回系统繁忙
2024-02-16 18:50:26,099 [INFO] cookie获取完成
2024-02-16 18:50:26,204 [WARNING] cannot find RENDER_DATA when loading 909700371584
2024-02-16 18:50:26,204 [DEBUG] 检测开播时返回系统繁忙
2024-02-16 18:50:26,779 [WARNING] cannot find RENDER_DATA when loading 909700371584
2024-02-16 18:50:26,780 [DEBUG] 检测开播时返回系统繁忙
2024-02-16 18:50:26,832 [WARNING] cannot find RENDER_DATA when loading 883714673910
2024-02-16 18:50:26,833 [DEBUG] 检测开播时返回系统繁忙
2024-02-16 18:50:27,321 [WARNING] cannot find RENDER_DATA when loading 883714673910
2024-02-16 18:50:27,321 [DEBUG] 检测开播时返回系统繁忙
2024-02-16 18:50:27,323 [WARNING] cannot find RENDER_DATA when loading 909700371584
2024-02-16 18:50:27,323 [DEBUG] 检测开播时返回系统繁忙
2024-02-16 18:50:27,323 [CRITICAL] 多次重试无法访问资源，可能是cookie失效
2024-02-16 18:50:27,323 [INFO] 获取cookie中...
2024-02-16 18:50:27,842 [WARNING] cannot find RENDER_DATA when loading 883714673910
2024-02-16 18:50:27,842 [DEBUG] 检测开播时返回系统繁忙
2024-02-16 18:50:28,467 [INFO] cookie获取完成
2024-02-16 18:50:49,115 [DEBUG] failed to load json when finding stream url of 514, using api 1, response: {"data":{"data":[],"enter_room_id":"","user":{"id_str":"80736311015","sec_uid":"MS4wLjABAAAAG74TEGGktInfhhLV02RHcVBAYVfkVQKr13znExfQQvM","nickname":"相臣793","avatar_thumb":{"url_list":["https://p11.douyinpic.com/aweme/100x100/aweme-avatar/37e7fa3f9e7341e2822917289acb6dcd.jpeg?from=3067671334","https://p3.douyinpic.com/aweme/100x100/aweme-avatar/37e7fa3f9e7341e2822917289acb6dcd.jpeg?from=3067671334","https://p6.douyinpic.com/aweme/100x100/aweme-avatar/37e7fa3f9e7341e2822917289acb6dcd.jpeg?from=3067671334"]},"follow_info":{"follow_status":0,"follow_status_str":"0"}},"qrcode_url":"","enter_mode":0,"room_status":2,"similar_rooms":[],"shark_decision_conf":""},"extra":{"now":1708080649233},"status_code":0}
2024-02-16 18:50:49,115 [DEBUG] 检测开播时返回系统繁忙
2024-02-16 18:50:49,116 [DEBUG] 检测开播时返回系统繁忙
2024-02-16 18:51:00,054 [INFO] 崽这里(909700371584) 弹幕录制结束
2024-02-16 18:51:00,065 [WARNING] 崽这里(909700371584) 无法获取弹幕，正在重试(2)
2024-02-16 18:51:00,358 [INFO] 崽这里(909700371584)弹幕录制重试(2)
2024-02-16 18:51:01,360 [INFO] 开始录制 崽这里(909700371584) 的弹幕
2024-02-16 18:51:02,036 [WARNING] cannot find RENDER_DATA when loading 909700371584
2024-02-16 18:51:02,036 [DEBUG] 检测开播时返回系统繁忙
2024-02-16 18:51:02,661 [WARNING] cannot find RENDER_DATA when loading 909700371584
2024-02-16 18:51:02,661 [DEBUG] 检测开播时返回系统繁忙
2024-02-16 18:51:03,276 [WARNING] cannot find RENDER_DATA when loading 909700371584
2024-02-16 18:51:03,276 [DEBUG] 检测开播时返回系统繁忙
2024-02-16 18:51:03,276 [CRITICAL] 多次重试无法访问资源，可能是cookie失效
2024-02-16 18:51:03,277 [INFO] 获取cookie中...
2024-02-16 18:51:04,312 [INFO] cookie获取完成
2024-02-16 18:51:05,268 [WARNING] cannot find RENDER_DATA when loading 909700371584
2024-02-16 18:51:05,268 [DEBUG] 检测开播时返回系统繁忙
2024-02-16 18:51:05,876 [WARNING] cannot find RENDER_DATA when loading 909700371584
2024-02-16 18:51:05,876 [DEBUG] 检测开播时返回系统繁忙
2024-02-16 18:51:16,493 [DEBUG] failed to load json when finding stream url of 514, using api 1, response: {"data":{"data":[],"enter_room_id":"","user":{"id_str":"80736311015","sec_uid":"MS4wLjABAAAAG74TEGGktInfhhLV02RHcVBAYVfkVQKr13znExfQQvM","nickname":"相臣793","avatar_thumb":{"url_list":["https://p6.douyinpic.com/aweme/100x100/aweme-avatar/37e7fa3f9e7341e2822917289acb6dcd.jpeg?from=3067671334","https://p11.douyinpic.com/aweme/100x100/aweme-avatar/37e7fa3f9e7341e2822917289acb6dcd.jpeg?from=3067671334","https://p3.douyinpic.com/aweme/100x100/aweme-avatar/37e7fa3f9e7341e2822917289acb6dcd.jpeg?from=3067671334"]},"follow_info":{"follow_status":0,"follow_status_str":"0"}},"qrcode_url":"","enter_mode":0,"room_status":2,"similar_rooms":[],"shark_decision_conf":""},"extra":{"now":1708080676608},"status_code":0}
2024-02-16 18:51:16,493 [DEBUG] 检测开播时返回系统繁忙
2024-02-16 18:51:16,494 [DEBUG] 检测开播时返回系统繁忙
2024-02-16 18:51:37,761 [INFO] 崽这里(909700371584) 弹幕录制结束
2024-02-16 18:51:37,768 [WARNING] 崽这里(909700371584) 无法获取弹幕，正在重试(3)
2024-02-16 18:51:38,032 [INFO] 崽这里(909700371584)弹幕录制重试(3)
2024-02-16 18:51:39,034 [INFO] 开始录制 崽这里(909700371584) 的弹幕
2024-02-16 18:51:39,589 [WARNING] cannot find RENDER_DATA when loading 909700371584
2024-02-16 18:51:39,589 [DEBUG] 检测开播时返回系统繁忙
2024-02-16 18:51:39,589 [CRITICAL] 多次重试无法访问资源，可能是cookie失效
2024-02-16 18:51:39,589 [INFO] 获取cookie中...
2024-02-16 18:51:40,526 [INFO] cookie获取完成
2024-02-16 18:51:41,246 [WARNING] cannot find RENDER_DATA when loading 909700371584
2024-02-16 18:51:41,246 [DEBUG] 检测开播时返回系统繁忙
2024-02-16 18:51:41,790 [WARNING] cannot find RENDER_DATA when loading 909700371584
2024-02-16 18:51:41,790 [DEBUG] 检测开播时返回系统繁忙
2024-02-16 18:51:42,315 [WARNING] cannot find RENDER_DATA when loading 909700371584
2024-02-16 18:51:42,315 [DEBUG] 检测开播时返回系统繁忙
2024-02-16 18:51:42,873 [WARNING] cannot find RENDER_DATA when loading 909700371584
2024-02-16 18:51:42,873 [DEBUG] 检测开播时返回系统繁忙
2024-02-16 18:51:45,103 [DEBUG] failed to load json when finding stream url of 514, using api 1, response: {"data":{"data":[],"enter_room_id":"","user":{"id_str":"80736311015","sec_uid":"MS4wLjABAAAAG74TEGGktInfhhLV02RHcVBAYVfkVQKr13znExfQQvM","nickname":"相臣793","avatar_thumb":{"url_list":["https://p26.douyinpic.com/aweme/100x100/aweme-avatar/37e7fa3f9e7341e2822917289acb6dcd.jpeg?from=3067671334","https://p3.douyinpic.com/aweme/100x100/aweme-avatar/37e7fa3f9e7341e2822917289acb6dcd.jpeg?from=3067671334","https://p11.douyinpic.com/aweme/100x100/aweme-avatar/37e7fa3f9e7341e2822917289acb6dcd.jpeg?from=3067671334"]},"follow_info":{"follow_status":0,"follow_status_str":"0"}},"qrcode_url":"","enter_mode":0,"room_status":2,"similar_rooms":[],"shark_decision_conf":""},"extra":{"now":1708080705219},"status_code":0}
2024-02-16 18:51:45,103 [DEBUG] 检测开播时返回系统繁忙
2024-02-16 18:51:45,104 [CRITICAL] 多次重试无法访问资源，可能是cookie失效
2024-02-16 18:51:45,104 [INFO] 获取cookie中...
2024-02-16 18:51:46,394 [INFO] cookie获取完成
2024-02-16 18:51:46,397 [DEBUG] 检测开播时返回系统繁忙
2024-02-16 18:52:13,800 [DEBUG] failed to load json when finding stream url of 514, using api 1, response: {"data":{"data":[],"enter_room_id":"","user":{"id_str":"80736311015","sec_uid":"MS4wLjABAAAAG74TEGGktInfhhLV02RHcVBAYVfkVQKr13znExfQQvM","nickname":"相臣793","avatar_thumb":{"url_list":["https://p6.douyinpic.com/aweme/100x100/aweme-avatar/37e7fa3f9e7341e2822917289acb6dcd.jpeg?from=3067671334","https://p11.douyinpic.com/aweme/100x100/aweme-avatar/37e7fa3f9e7341e2822917289acb6dcd.jpeg?from=3067671334","https://p3.douyinpic.com/aweme/100x100/aweme-avatar/37e7fa3f9e7341e2822917289acb6dcd.jpeg?from=3067671334"]},"follow_info":{"follow_status":0,"follow_status_str":"0"}},"qrcode_url":"","enter_mode":0,"room_status":2,"similar_rooms":[],"shark_decision_conf":""},"extra":{"now":1708080733911},"status_code":0}
2024-02-16 18:52:13,800 [DEBUG] 检测开播时返回系统繁忙
2024-02-16 18:52:13,801 [DEBUG] 检测开播时返回系统繁忙
2024-02-16 18:52:44,795 [DEBUG] failed to load json when finding stream url of 514, using api 1, response: {"data":{"data":[],"enter_room_id":"","user":{"id_str":"80736311015","sec_uid":"MS4wLjABAAAAG74TEGGktInfhhLV02RHcVBAYVfkVQKr13znExfQQvM","nickname":"相臣793","avatar_thumb":{"url_list":["https://p3.douyinpic.com/aweme/100x100/aweme-avatar/37e7fa3f9e7341e2822917289acb6dcd.jpeg?from=3067671334","https://p11.douyinpic.com/aweme/100x100/aweme-avatar/37e7fa3f9e7341e2822917289acb6dcd.jpeg?from=3067671334","https://p6.douyinpic.com/aweme/100x100/aweme-avatar/37e7fa3f9e7341e2822917289acb6dcd.jpeg?from=3067671334"]},"follow_info":{"follow_status":0,"follow_status_str":"0"}},"qrcode_url":"","enter_mode":0,"room_status":2,"similar_rooms":[],"shark_decision_conf":""},"extra":{"now":1708080764909},"status_code":0}
2024-02-16 18:52:44,795 [DEBUG] 检测开播时返回系统繁忙
2024-02-16 18:52:44,796 [DEBUG] 检测开播时返回系统繁忙
2024-02-16 18:52:44,796 [CRITICAL] 多次重试无法访问资源，可能是cookie失效
2024-02-16 18:52:44,797 [INFO] 获取cookie中...
2024-02-16 18:52:45,858 [INFO] cookie获取完成
2024-02-16 18:53:16,462 [DEBUG] failed to load json when finding stream url of 514, using api 1, response: {"data":{"data":[],"enter_room_id":"","user":{"id_str":"80736311015","sec_uid":"MS4wLjABAAAAG74TEGGktInfhhLV02RHcVBAYVfkVQKr13znExfQQvM","nickname":"相臣793","avatar_thumb":{"url_list":["https://p3.douyinpic.com/aweme/100x100/aweme-avatar/37e7fa3f9e7341e2822917289acb6dcd.jpeg?from=3067671334","https://p26.douyinpic.com/aweme/100x100/aweme-avatar/37e7fa3f9e7341e2822917289acb6dcd.jpeg?from=3067671334","https://p11.douyinpic.com/aweme/100x100/aweme-avatar/37e7fa3f9e7341e2822917289acb6dcd.jpeg?from=3067671334"]},"follow_info":{"follow_status":0,"follow_status_str":"0"}},"qrcode_url":"","enter_mode":0,"room_status":2,"similar_rooms":[],"shark_decision_conf":""},"extra":{"now":1708080796585},"status_code":0}
2024-02-16 18:53:16,462 [DEBUG] 检测开播时返回系统繁忙
2024-02-16 18:53:16,464 [DEBUG] 检测开播时返回系统繁忙
2024-02-16 18:53:47,520 [DEBUG] failed to load json when finding stream url of 514, using api 1, response: {"data":{"data":[],"enter_room_id":"","user":{"id_str":"80736311015","sec_uid":"MS4wLjABAAAAG74TEGGktInfhhLV02RHcVBAYVfkVQKr13znExfQQvM","nickname":"相臣793","avatar_thumb":{"url_list":["https://p6.douyinpic.com/aweme/100x100/aweme-avatar/37e7fa3f9e7341e2822917289acb6dcd.jpeg?from=3067671334","https://p11.douyinpic.com/aweme/100x100/aweme-avatar/37e7fa3f9e7341e2822917289acb6dcd.jpeg?from=3067671334","https://p3.douyinpic.com/aweme/100x100/aweme-avatar/37e7fa3f9e7341e2822917289acb6dcd.jpeg?from=3067671334"]},"follow_info":{"follow_status":0,"follow_status_str":"0"}},"qrcode_url":"","enter_mode":0,"room_status":2,"similar_rooms":[],"shark_decision_conf":""},"extra":{"now":1708080827643},"status_code":0}
2024-02-16 18:53:47,520 [DEBUG] 检测开播时返回系统繁忙
2024-02-16 18:53:47,522 [DEBUG] 检测开播时返回系统繁忙
2024-02-16 18:54:18,729 [DEBUG] failed to load json when finding stream url of 514, using api 1, response: {"data":{"data":[],"enter_room_id":"","user":{"id_str":"80736311015","sec_uid":"MS4wLjABAAAAG74TEGGktInfhhLV02RHcVBAYVfkVQKr13znExfQQvM","nickname":"相臣793","avatar_thumb":{"url_list":["https://p3.douyinpic.com/aweme/100x100/aweme-avatar/37e7fa3f9e7341e2822917289acb6dcd.jpeg?from=3067671334","https://p11.douyinpic.com/aweme/100x100/aweme-avatar/37e7fa3f9e7341e2822917289acb6dcd.jpeg?from=3067671334","https://p6.douyinpic.com/aweme/100x100/aweme-avatar/37e7fa3f9e7341e2822917289acb6dcd.jpeg?from=3067671334"]},"follow_info":{"follow_status":0,"follow_status_str":"0"}},"qrcode_url":"","enter_mode":0,"room_status":2,"similar_rooms":[],"shark_decision_conf":""},"extra":{"now":1708080858850},"status_code":0}
2024-02-16 18:54:18,729 [DEBUG] 检测开播时返回系统繁忙
2024-02-16 18:54:18,730 [CRITICAL] 多次重试无法访问资源，可能是cookie失效
2024-02-16 18:54:18,730 [INFO] 获取cookie中...
2024-02-16 18:54:19,861 [INFO] cookie获取完成
2024-02-16 18:54:19,862 [DEBUG] 检测开播时返回系统繁忙
2024-02-16 18:54:51,074 [DEBUG] failed to load json when finding stream url of 514, using api 1, response: {"data":{"data":[],"enter_room_id":"","user":{"id_str":"80736311015","sec_uid":"MS4wLjABAAAAG74TEGGktInfhhLV02RHcVBAYVfkVQKr13znExfQQvM","nickname":"相臣793","avatar_thumb":{"url_list":["https://p11.douyinpic.com/aweme/100x100/aweme-avatar/37e7fa3f9e7341e2822917289acb6dcd.jpeg?from=3067671334","https://p3.douyinpic.com/aweme/100x100/aweme-avatar/37e7fa3f9e7341e2822917289acb6dcd.jpeg?from=3067671334","https://p6.douyinpic.com/aweme/100x100/aweme-avatar/37e7fa3f9e7341e2822917289acb6dcd.jpeg?from=3067671334"]},"follow_info":{"follow_status":0,"follow_status_str":"0"}},"qrcode_url":"","enter_mode":0,"room_status":2,"similar_rooms":[],"shark_decision_conf":""},"extra":{"now":1708080891195},"status_code":0}
2024-02-16 18:54:51,074 [DEBUG] 检测开播时返回系统繁忙
2024-02-16 18:54:51,075 [DEBUG] 检测开播时返回系统繁忙
2024-02-16 18:55:03,857 [INFO] yoyo(803144265780) 录制结束
2024-02-16 18:55:21,436 [DEBUG] failed to load json when finding stream url of 514, using api 1, response: {"data":{"data":[],"enter_room_id":"","user":{"id_str":"80736311015","sec_uid":"MS4wLjABAAAAG74TEGGktInfhhLV02RHcVBAYVfkVQKr13znExfQQvM","nickname":"相臣793","avatar_thumb":{"url_list":["https://p3.douyinpic.com/aweme/100x100/aweme-avatar/37e7fa3f9e7341e2822917289acb6dcd.jpeg?from=3067671334","https://p6.douyinpic.com/aweme/100x100/aweme-avatar/37e7fa3f9e7341e2822917289acb6dcd.jpeg?from=3067671334","https://p11.douyinpic.com/aweme/100x100/aweme-avatar/37e7fa3f9e7341e2822917289acb6dcd.jpeg?from=3067671334"]},"follow_info":{"follow_status":0,"follow_status_str":"0"}},"qrcode_url":"","enter_mode":0,"room_status":2,"similar_rooms":[],"shark_decision_conf":""},"extra":{"now":1708080921555},"status_code":0}
2024-02-16 18:55:21,436 [DEBUG] 检测开播时返回系统繁忙
2024-02-16 18:55:21,437 [DEBUG] 检测开播时返回系统繁忙
2024-02-16 18:55:21,438 [CRITICAL] 多次重试无法访问资源，可能是cookie失效
2024-02-16 18:55:21,438 [INFO] 获取cookie中...
2024-02-16 18:55:22,408 [INFO] cookie获取完成
2024-02-16 18:55:53,745 [DEBUG] failed to load json when finding stream url of 514, using api 1, response: {"data":{"data":[],"enter_room_id":"","user":{"id_str":"80736311015","sec_uid":"MS4wLjABAAAAG74TEGGktInfhhLV02RHcVBAYVfkVQKr13znExfQQvM","nickname":"相臣793","avatar_thumb":{"url_list":["https://p26.douyinpic.com/aweme/100x100/aweme-avatar/37e7fa3f9e7341e2822917289acb6dcd.jpeg?from=3067671334","https://p3.douyinpic.com/aweme/100x100/aweme-avatar/37e7fa3f9e7341e2822917289acb6dcd.jpeg?from=3067671334","https://p11.douyinpic.com/aweme/100x100/aweme-avatar/37e7fa3f9e7341e2822917289acb6dcd.jpeg?from=3067671334"]},"follow_info":{"follow_status":0,"follow_status_str":"0"}},"qrcode_url":"","enter_mode":0,"room_status":2,"similar_rooms":[],"shark_decision_conf":""},"extra":{"now":1708080953870},"status_code":0}
2024-02-16 18:55:53,745 [DEBUG] 检测开播时返回系统繁忙
2024-02-16 18:55:53,746 [DEBUG] 检测开播时返回系统繁忙
2024-02-16 18:55:54,561 [CRITICAL] catched SIGINT(Ctrl+C) signal
2024-02-16 18:55:54,791 [INFO] yoyo(803144265780) 弹幕录制结束
2024-02-16 18:55:54,874 [INFO] 玉玉yuyu(414714977933) 弹幕录制结束
2024-02-16 18:55:54,919 [INFO] 懒咩咩耶(530978326444) 弹幕录制结束
2024-02-16 18:55:54,949 [INFO] han涵(299017312920) 弹幕录制结束
2024-02-16 18:55:55,213 [INFO] 小鱼_(883714673910) 弹幕录制结束
2024-02-16 18:55:55,500 [INFO] 妮可拉倒霸(329881946687) 弹幕录制结束
2024-02-16 18:55:55,548 [INFO] 崽这里(909700371584) 弹幕录制结束
