2024-02-16 18:35:17,881 [INFO] software started. version: 20230418. gui: False.
2024-02-16 18:35:17,882 [INFO] platform: Windows-10-10.0.22621-SP0
2024-02-16 18:35:17,882 [INFO] python version: 3.9.0
2024-02-16 18:35:17,903 [INFO] reading configs
2024-02-16 18:35:17,903 [INFO] config debug = true
2024-02-16 18:35:17,903 [INFO] config check_period = 25
2024-02-16 18:35:17,903 [INFO] config check_period_random_offset = 5
2024-02-16 18:35:17,903 [INFO] config important_check_period = 5
2024-02-16 18:35:17,903 [INFO] config important_check_period_random_offset = 3
2024-02-16 18:35:17,903 [INFO] config check_threads = 1
2024-02-16 18:35:17,903 [INFO] config check_wait = 0.5
2024-02-16 18:35:17,903 [INFO] config ffmpeg_path = 
2024-02-16 18:35:17,903 [INFO] config auto_transcode = false
2024-02-16 18:35:17,903 [INFO] config auto_transcode_encoder = copy
2024-02-16 18:35:17,903 [INFO] config auto_transcode_bps = 3000k
2024-02-16 18:35:17,903 [INFO] config auto_transcode_delete_origin = false
2024-02-16 18:35:17,903 [INFO] loaded room: yoyo(803144265780) auto_record=True record_danmu=True important=False
2024-02-16 18:35:17,903 [INFO] loaded room: 懒咩咩耶(530978326444) auto_record=True record_danmu=True important=False
2024-02-16 18:35:17,904 [INFO] loaded room: 主播名2(851917085931) auto_record=True record_danmu=True important=False
2024-02-16 18:35:17,904 [INFO] 获取cookie中...
2024-02-16 18:35:19,031 [INFO] cookie获取完成
2024-02-16 18:35:19,311 [INFO] 检测到 yoyo(803144265780) 开始直播，启动录制。
2024-02-16 18:35:19,312 [INFO] 开始录制 yoyo(803144265780) 的弹幕
2024-02-16 18:35:19,844 [INFO] 检测到 懒咩咩耶(530978326444) 开始直播，启动录制。
2024-02-16 18:35:19,845 [INFO] 开始录制 懒咩咩耶(530978326444) 的弹幕
2024-02-16 18:35:19,869 [WARNING] cannot find RENDER_DATA when loading 803144265780
2024-02-16 18:35:19,869 [DEBUG] 检测开播时返回系统繁忙
2024-02-16 18:35:20,427 [WARNING] cannot find RENDER_DATA when loading 530978326444
2024-02-16 18:35:20,427 [DEBUG] 检测开播时返回系统繁忙
2024-02-16 18:35:20,785 [WARNING] cannot find RENDER_DATA when loading 803144265780
2024-02-16 18:35:20,785 [DEBUG] 检测开播时返回系统繁忙
2024-02-16 18:35:20,961 [WARNING] cannot find RENDER_DATA when loading 803144265780
2024-02-16 18:35:20,961 [DEBUG] 检测开播时返回系统繁忙
2024-02-16 18:35:20,993 [WARNING] cannot find RENDER_DATA when loading 530978326444
2024-02-16 18:35:20,993 [DEBUG] 检测开播时返回系统繁忙
2024-02-16 18:35:20,993 [CRITICAL] 多次重试无法访问资源，可能是cookie失效
2024-02-16 18:35:20,993 [INFO] 获取cookie中...
2024-02-16 18:35:21,532 [WARNING] cannot find RENDER_DATA when loading 803144265780
2024-02-16 18:35:21,532 [DEBUG] 检测开播时返回系统繁忙
2024-02-16 18:35:22,126 [INFO] cookie获取完成
2024-02-16 18:35:22,146 [WARNING] cannot find RENDER_DATA when loading 803144265780
2024-02-16 18:35:22,146 [DEBUG] 检测开播时返回系统繁忙
2024-02-16 18:35:22,704 [WARNING] cannot find RENDER_DATA when loading 530978326444
2024-02-16 18:35:22,704 [DEBUG] 检测开播时返回系统繁忙
2024-02-16 18:35:23,268 [WARNING] cannot find RENDER_DATA when loading 530978326444
2024-02-16 18:35:23,268 [DEBUG] 检测开播时返回系统繁忙
2024-02-16 18:35:23,773 [WARNING] cannot find RENDER_DATA when loading 530978326444
2024-02-16 18:35:23,773 [DEBUG] 检测开播时返回系统繁忙
2024-02-16 18:38:17,690 [CRITICAL] catched SIGINT(Ctrl+C) signal
2024-02-16 18:38:17,989 [INFO] yoyo(803144265780) 弹幕录制结束
2024-02-16 18:38:18,652 [INFO] 懒咩咩耶(530978326444) 弹幕录制结束
